2024-02-26 19:44:11,145 - INFO - Starting the main function
2024-02-26 19:44:11,146 - INFO - Loading model from ../resources
2024-02-26 19:44:15,831 - INFO - Loading data from data
2024-02-26 19:44:15,841 - INFO - Classifying element 1/27
2024-02-26 19:44:18,391 - INFO - Classifying element 2/27
2024-02-26 19:44:20,709 - INFO - Classifying element 3/27
2024-02-26 19:44:22,880 - INFO - Classifying element 4/27
2024-02-26 19:44:25,005 - INFO - Classifying element 5/27
2024-02-26 19:44:27,150 - INFO - Classifying element 6/27
2024-02-26 19:44:29,310 - INFO - Classifying element 7/27
2024-02-26 19:44:31,518 - INFO - Classifying element 8/27
2024-02-26 19:44:33,793 - INFO - Classifying element 9/27
2024-02-26 19:44:36,209 - INFO - Classifying element 10/27
2024-02-26 19:44:38,122 - INFO - Classifying element 11/27
2024-02-26 19:44:40,148 - INFO - Classifying element 12/27
2024-02-26 19:44:42,287 - INFO - Classifying element 13/27
2024-02-26 19:44:44,499 - INFO - Classifying element 14/27
2024-02-26 19:44:46,384 - INFO - Classifying element 15/27
2024-02-26 19:44:48,936 - INFO - Classifying element 16/27
2024-02-26 19:44:51,068 - INFO - Classifying element 17/27
2024-02-26 19:44:53,346 - INFO - Classifying element 18/27
2024-02-26 19:44:55,308 - INFO - Classifying element 19/27
2024-02-26 19:44:57,546 - INFO - Classifying element 20/27
2024-02-26 19:44:59,880 - INFO - Classifying element 21/27
2024-02-26 19:45:02,286 - INFO - Classifying element 22/27
2024-02-26 19:45:04,289 - INFO - Classifying element 23/27
2024-02-26 19:45:06,397 - INFO - Classifying element 24/27
2024-02-26 19:45:08,384 - INFO - Classifying element 25/27
2024-02-26 19:45:10,585 - INFO - Classifying element 26/27
2024-02-26 19:45:12,574 - INFO - Classifying element 27/27
2024-02-26 19:45:14,460 - INFO - Output file written to: ../output\output.json
